1605178354883	geckodriver	INFO	Listening on 127.0.0.1:51043
1605178354966	mozrunner::runner	INFO	Running command: "/usr/bin/firefox" "--marionette" "-foreground" "-no-remote" "-profile" "/tmp/rust_mozprofileNGwccV"
1605178362261	addons.webextension.screenshots@mozilla.org	WARN	Loading extension 'screenshots@mozilla.org': Reading manifest: Invalid extension permission: mozillaAddons
1605178362262	addons.webextension.screenshots@mozilla.org	WARN	Loading extension 'screenshots@mozilla.org': Reading manifest: Invalid extension permission: telemetry
1605178362262	addons.webextension.screenshots@mozilla.org	WARN	Loading extension 'screenshots@mozilla.org': Reading manifest: Invalid extension permission: resource://pdf.js/
1605178362262	addons.webextension.screenshots@mozilla.org	WARN	Loading extension 'screenshots@mozilla.org': Reading manifest: Invalid extension permission: about:reader*
1605178372048	Marionette	INFO	Listening on port 46273
1605178372385	Marionette	WARN	TLS certificate errors will be ignored for this session
1605178394727	Marionette	INFO	Stopped listening on port 46273
1605178954359	geckodriver	INFO	Listening on 127.0.0.1:43983
1605178954544	mozrunner::runner	INFO	Running command: "/usr/bin/firefox" "--marionette" "-foreground" "-no-remote" "-profile" "/tmp/rust_mozprofile17aZfW"
1605178962705	addons.webextension.screenshots@mozilla.org	WARN	Loading extension 'screenshots@mozilla.org': Reading manifest: Invalid extension permission: mozillaAddons
1605178962705	addons.webextension.screenshots@mozilla.org	WARN	Loading extension 'screenshots@mozilla.org': Reading manifest: Invalid extension permission: telemetry
1605178962706	addons.webextension.screenshots@mozilla.org	WARN	Loading extension 'screenshots@mozilla.org': Reading manifest: Invalid extension permission: resource://pdf.js/
1605178962706	addons.webextension.screenshots@mozilla.org	WARN	Loading extension 'screenshots@mozilla.org': Reading manifest: Invalid extension permission: about:reader*
1605178977303	Marionette	INFO	Listening on port 45043
1605178977494	Marionette	WARN	TLS certificate errors will be ignored for this session
WebGL(0x7f3cc1990000)::ForceLoseContext
WebGL(0x7f3cbd5cf000)::ForceLoseContext
WebGL(0x7f3cc02ba000)::ForceLoseContext
WebGL(0x7f3cc02b5800)::ForceLoseContext
WebGL(0x7f3cc02bf800)::ForceLoseContext
WebGL(0x7f3cc197a800)::ForceLoseContext
WebGL(0x7f3cbd5cd800)::ForceLoseContext
WebGL(0x7f3cc02c8000)::ForceLoseContext
WebGL(0x7f3cc02c9000)::ForceLoseContext
WebGL(0x7f3cc02ca000)::ForceLoseContext
WebGL(0x7f3cc02ca800)::ForceLoseContext
JavaScript error: resource://devtools/client/framework/toolbox.js, line 1749: TypeError: currentPanel is undefined
SourceActor threw an exception: [Exception... "Failed to open input source 'file:///'"  nsresult: "0x80520015 (NS_ERROR_FILE_ACCESS_DENIED)"  location: "JS frame :: resource://devtools/shared/DevToolsUtils.js :: mainThreadFetch/< :: line 678"  data: yes]
Stack: mainThreadFetch/<@resource://devtools/shared/DevToolsUtils.js:678:15
mainThreadFetch@resource://devtools/shared/DevToolsUtils.js:530:10
_fetchURLContents@resource://devtools/server/actors/utils/TabSources.js:580:22
urlContents@resource://devtools/server/actors/utils/TabSources.js:547:17
_resurrectSource@resource://devtools/server/actors/thread.js:2033:69
addAllSources@resource://devtools/server/actors/thread.js:1334:14
onSources@resource://devtools/server/actors/thread.js:1340:10
onPacket@resource://devtools/server/debugger-server-connection.js:378:58
receiveMessage@resource://devtools/shared/transport/child-transport.js:66:16
Line: 678, column: 0
console.error: ({})
JavaScript error: resource://devtools/shared/DevToolsUtils.js, line 678: NS_ERROR_FILE_ACCESS_DENIED: Failed to open input source 'file:///'
console.error: (new Error("Connection closed before committing the transaction.", "resource://gre/modules/Sqlite.jsm", 683))
1605179175091	Marionette	INFO	Stopped listening on port 45043
1605179180556	geckodriver	INFO	Listening on 127.0.0.1:57189
1605179181601	mozrunner::runner	INFO	Running command: "/usr/bin/firefox" "--marionette" "-foreground" "-no-remote" "-profile" "/tmp/rust_mozprofileqY2XSS"
1605179188142	addons.webextension.screenshots@mozilla.org	WARN	Loading extension 'screenshots@mozilla.org': Reading manifest: Invalid extension permission: mozillaAddons
1605179188142	addons.webextension.screenshots@mozilla.org	WARN	Loading extension 'screenshots@mozilla.org': Reading manifest: Invalid extension permission: telemetry
1605179188142	addons.webextension.screenshots@mozilla.org	WARN	Loading extension 'screenshots@mozilla.org': Reading manifest: Invalid extension permission: resource://pdf.js/
1605179188142	addons.webextension.screenshots@mozilla.org	WARN	Loading extension 'screenshots@mozilla.org': Reading manifest: Invalid extension permission: about:reader*
1605179197088	Marionette	INFO	Listening on port 34425
1605179197209	Marionette	WARN	TLS certificate errors will be ignored for this session
WebGL(0x7f312ed73000)::ForceLoseContext
WebGL(0x7f31294dd800)::ForceLoseContext
WebGL(0x7f3129e51000)::ForceLoseContext
WebGL(0x7f3129e54000)::ForceLoseContext
WebGL(0x7f3120fd2000)::ForceLoseContext
WebGL(0x7f3134f46000)::ForceLoseContext
WebGL(0x7f3134f47000)::ForceLoseContext
WebGL(0x7f3120ff0800)::ForceLoseContext
WebGL(0x7f3120ff1000)::ForceLoseContext
WebGL(0x7f3120ff2000)::ForceLoseContext
WebGL(0x7f3120ff2800)::ForceLoseContext
SourceActor threw an exception: [Exception... "Failed to open input source 'file:///'"  nsresult: "0x80520015 (NS_ERROR_FILE_ACCESS_DENIED)"  location: "JS frame :: resource://devtools/shared/DevToolsUtils.js :: mainThreadFetch/< :: line 678"  data: yes]
Stack: mainThreadFetch/<@resource://devtools/shared/DevToolsUtils.js:678:15
mainThreadFetch@resource://devtools/shared/DevToolsUtils.js:530:10
_fetchURLContents@resource://devtools/server/actors/utils/TabSources.js:580:22
urlContents@resource://devtools/server/actors/utils/TabSources.js:547:17
_resurrectSource@resource://devtools/server/actors/thread.js:2033:69
addAllSources@resource://devtools/server/actors/thread.js:1334:14
onSources@resource://devtools/server/actors/thread.js:1340:10
onPacket@resource://devtools/server/debugger-server-connection.js:378:58
receiveMessage@resource://devtools/shared/transport/child-transport.js:66:16
Line: 678, column: 0
console.error: ({})
JavaScript error: resource://devtools/shared/DevToolsUtils.js, line 678: NS_ERROR_FILE_ACCESS_DENIED: Failed to open input source 'file:///'
1605179276757	Marionette	INFO	Stopped listening on port 34425
1605179305312	geckodriver	INFO	Listening on 127.0.0.1:42179
1605179306327	mozrunner::runner	INFO	Running command: "/usr/bin/firefox" "--marionette" "-foreground" "-no-remote" "-profile" "/tmp/rust_mozprofileK70EMt"
1605179309285	addons.webextension.screenshots@mozilla.org	WARN	Loading extension 'screenshots@mozilla.org': Reading manifest: Invalid extension permission: mozillaAddons
1605179309285	addons.webextension.screenshots@mozilla.org	WARN	Loading extension 'screenshots@mozilla.org': Reading manifest: Invalid extension permission: telemetry
1605179309286	addons.webextension.screenshots@mozilla.org	WARN	Loading extension 'screenshots@mozilla.org': Reading manifest: Invalid extension permission: resource://pdf.js/
1605179309286	addons.webextension.screenshots@mozilla.org	WARN	Loading extension 'screenshots@mozilla.org': Reading manifest: Invalid extension permission: about:reader*
1605179314063	Marionette	INFO	Listening on port 38739
1605179314164	Marionette	WARN	TLS certificate errors will be ignored for this session
WebGL(0x7f80622d7800)::ForceLoseContext
WebGL(0x7f805bcc6000)::ForceLoseContext
WebGL(0x7f805bcb8000)::ForceLoseContext
WebGL(0x7f805a7e5000)::ForceLoseContext
WebGL(0x7f805a7e6000)::ForceLoseContext
WebGL(0x7f805a7e3000)::ForceLoseContext
WebGL(0x7f805a7e3800)::ForceLoseContext
WebGL(0x7f80602c5800)::ForceLoseContext
WebGL(0x7f80602c6000)::ForceLoseContext
WebGL(0x7f80602ca000)::ForceLoseContext
WebGL(0x7f80602ca800)::ForceLoseContext
1605180139470	geckodriver	INFO	Listening on 127.0.0.1:38205
1605180140530	mozrunner::runner	INFO	Running command: "/usr/bin/firefox" "--marionette" "-foreground" "-no-remote" "-profile" "/tmp/rust_mozprofileA2RhQe"
1605180145157	addons.webextension.screenshots@mozilla.org	WARN	Loading extension 'screenshots@mozilla.org': Reading manifest: Invalid extension permission: mozillaAddons
1605180145157	addons.webextension.screenshots@mozilla.org	WARN	Loading extension 'screenshots@mozilla.org': Reading manifest: Invalid extension permission: telemetry
1605180145157	addons.webextension.screenshots@mozilla.org	WARN	Loading extension 'screenshots@mozilla.org': Reading manifest: Invalid extension permission: resource://pdf.js/
1605180145157	addons.webextension.screenshots@mozilla.org	WARN	Loading extension 'screenshots@mozilla.org': Reading manifest: Invalid extension permission: about:reader*
1605180153546	Marionette	INFO	Listening on port 36187
1605180153890	Marionette	WARN	TLS certificate errors will be ignored for this session
WebGL(0x7f63ce5c8800)::ForceLoseContext
WebGL(0x7f63cedb8000)::ForceLoseContext
WebGL(0x7f63cedbf800)::ForceLoseContext
WebGL(0x7f63cedc2000)::ForceLoseContext
WebGL(0x7f63c95b4800)::ForceLoseContext
WebGL(0x7f63c95b6800)::ForceLoseContext
WebGL(0x7f63c95c1000)::ForceLoseContext
WebGL(0x7f63cedba000)::ForceLoseContext
WebGL(0x7f63cedbd000)::ForceLoseContext
WebGL(0x7f63cedbf800)::ForceLoseContext
WebGL(0x7f63cedc0000)::ForceLoseContext
1605180210223	geckodriver	INFO	Listening on 127.0.0.1:33813
1605180210351	mozrunner::runner	INFO	Running command: "/usr/bin/firefox" "--marionette" "-foreground" "-no-remote" "-profile" "/tmp/rust_mozprofileus5sQz"
1605180220989	Marionette	INFO	Stopped listening on port 36187
1605180224386	addons.webextension.screenshots@mozilla.org	WARN	Loading extension 'screenshots@mozilla.org': Reading manifest: Invalid extension permission: mozillaAddons
1605180224386	addons.webextension.screenshots@mozilla.org	WARN	Loading extension 'screenshots@mozilla.org': Reading manifest: Invalid extension permission: telemetry
1605180224386	addons.webextension.screenshots@mozilla.org	WARN	Loading extension 'screenshots@mozilla.org': Reading manifest: Invalid extension permission: resource://pdf.js/
1605180224386	addons.webextension.screenshots@mozilla.org	WARN	Loading extension 'screenshots@mozilla.org': Reading manifest: Invalid extension permission: about:reader*
1605180232656	Marionette	INFO	Listening on port 39695
1605180232807	Marionette	WARN	TLS certificate errors will be ignored for this session
WebGL(0x7f6da43a6800)::ForceLoseContext
WebGL(0x7f6dabc45000)::ForceLoseContext
WebGL(0x7f6d99666800)::ForceLoseContext
WebGL(0x7f6da43a4800)::ForceLoseContext
WebGL(0x7f6d976c4000)::ForceLoseContext
WebGL(0x7f6d9950b800)::ForceLoseContext
WebGL(0x7f6d99510800)::ForceLoseContext
IPDL protocol error: Handler returned error code!

###!!! [Parent][DispatchAsyncMessage] Error: PLayerTransaction::Msg_ReleaseLayer Processing error: message was deserialized, but the handler returned false (indicating failure)

IPDL protocol error: Handler returned error code!

###!!! [Parent][DispatchAsyncMessage] Error: PLayerTransaction::Msg_ReleaseLayer Processing error: message was deserialized, but the handler returned false (indicating failure)

[Parent 6860, Gecko_IOThread] WARNING: pipe error (130): Connection reset by peer: file /build/firefox-clezVp/firefox-70.0.1+build1/ipc/chromium/src/chrome/common/ipc_channel_posix.cc, line 358
[Parent 6220, Gecko_IOThread] WARNING: pipe error (139): Connection reset by peer: file /build/firefox-clezVp/firefox-70.0.1+build1/ipc/chromium/src/chrome/common/ipc_channel_posix.cc, line 358
JavaScript error: , line 0: UnknownError: The operation failed for reasons unrelated to the database itself and not covered by any other error code.
1605180261725	Marionette	INFO	Stopped listening on port 38739
console.error: (new Error("SessionFile is closed", "resource:///modules/sessionstore/SessionFile.jsm", 433))
1605180296536	Marionette	INFO	Stopped listening on port 39695
1605180299352	geckodriver	INFO	Listening on 127.0.0.1:36103
1605180300227	mozrunner::runner	INFO	Running command: "/usr/bin/firefox" "--marionette" "-foreground" "-no-remote" "-profile" "/tmp/rust_mozprofile3y7hw3"
1605180306606	addons.webextension.screenshots@mozilla.org	WARN	Loading extension 'screenshots@mozilla.org': Reading manifest: Invalid extension permission: mozillaAddons
1605180306606	addons.webextension.screenshots@mozilla.org	WARN	Loading extension 'screenshots@mozilla.org': Reading manifest: Invalid extension permission: telemetry
1605180306606	addons.webextension.screenshots@mozilla.org	WARN	Loading extension 'screenshots@mozilla.org': Reading manifest: Invalid extension permission: resource://pdf.js/
1605180306606	addons.webextension.screenshots@mozilla.org	WARN	Loading extension 'screenshots@mozilla.org': Reading manifest: Invalid extension permission: about:reader*
1605180314537	Marionette	INFO	Listening on port 33737
1605180314603	Marionette	WARN	TLS certificate errors will be ignored for this session
WebGL(0x7fdf85c19000)::ForceLoseContext
WebGL(0x7fdf7cabc800)::ForceLoseContext
WebGL(0x7fdf7cac1000)::ForceLoseContext
WebGL(0x7fdf7cacc800)::ForceLoseContext
WebGL(0x7fdf7cab6800)::ForceLoseContext
WebGL(0x7fdf846c6000)::ForceLoseContext
WebGL(0x7fdf855c2800)::ForceLoseContext
1605180322598	Marionette	WARN	TimedPromise timed out after 500 ms: stacktrace:
bail@chrome://marionette/content/sync.js:237:64
WebGL(0x7fdf7b4f2800)::ForceLoseContext
WebGL(0x7fdf855c9800)::ForceLoseContext
WebGL(0x7fdf855db000)::ForceLoseContext
[Parent 7139, Gecko_IOThread] WARNING: pipe error (127): Connection reset by peer: file /build/firefox-clezVp/firefox-70.0.1+build1/ipc/chromium/src/chrome/common/ipc_channel_posix.cc, line 358
console.error: (new Error("SessionFile is closed", "resource:///modules/sessionstore/SessionFile.jsm", 433))
1605180366448	Marionette	INFO	Stopped listening on port 33737
1605185084298	geckodriver	INFO	Listening on 127.0.0.1:55269
1605185084365	mozrunner::runner	INFO	Running command: "/usr/bin/firefox" "--marionette" "-foreground" "-no-remote" "-profile" "/tmp/rust_mozprofileGZoG70"
1605185089844	addons.webextension.screenshots@mozilla.org	WARN	Loading extension 'screenshots@mozilla.org': Reading manifest: Invalid extension permission: mozillaAddons
1605185089844	addons.webextension.screenshots@mozilla.org	WARN	Loading extension 'screenshots@mozilla.org': Reading manifest: Invalid extension permission: telemetry
1605185089844	addons.webextension.screenshots@mozilla.org	WARN	Loading extension 'screenshots@mozilla.org': Reading manifest: Invalid extension permission: resource://pdf.js/
1605185089845	addons.webextension.screenshots@mozilla.org	WARN	Loading extension 'screenshots@mozilla.org': Reading manifest: Invalid extension permission: about:reader*
1605185098745	Marionette	INFO	Listening on port 45573
1605185098877	Marionette	WARN	TLS certificate errors will be ignored for this session
WebGL(0x7f813a904000)::ForceLoseContext
WebGL(0x7f812f2c0800)::ForceLoseContext
WebGL(0x7f812f2cb000)::ForceLoseContext
WebGL(0x7f81352e5800)::ForceLoseContext
WebGL(0x7f81352e9000)::ForceLoseContext
WebGL(0x7f81352fb800)::ForceLoseContext
WebGL(0x7f81352f9000)::ForceLoseContext
JavaScript error: https://assets.alicdn.com/g/ae-fe/header-ui/0.0.14/src/ae-header.js?v=8, line 1: Error: 
WebGL(0x7f812dab8800)::ForceLoseContext
WebGL(0x7f812f2c4800)::ForceLoseContext
WebGL(0x7f812f2c8000)::ForceLoseContext
1605185133260	Marionette	INFO	Stopped listening on port 45573
1605528638171	geckodriver	INFO	Listening on 127.0.0.1:60997
1605528639112	mozrunner::runner	INFO	Running command: "/usr/bin/firefox" "--marionette" "-foreground" "-no-remote" "-profile" "/tmp/rust_mozprofileooxJEv"
1605528641841	addons.webextension.screenshots@mozilla.org	WARN	Loading extension 'screenshots@mozilla.org': Reading manifest: Invalid extension permission: mozillaAddons
1605528641841	addons.webextension.screenshots@mozilla.org	WARN	Loading extension 'screenshots@mozilla.org': Reading manifest: Invalid extension permission: telemetry
1605528641842	addons.webextension.screenshots@mozilla.org	WARN	Loading extension 'screenshots@mozilla.org': Reading manifest: Invalid extension permission: resource://pdf.js/
1605528641842	addons.webextension.screenshots@mozilla.org	WARN	Loading extension 'screenshots@mozilla.org': Reading manifest: Invalid extension permission: about:reader*
1605528648364	Marionette	INFO	Listening on port 45809
1605528648752	Marionette	WARN	TLS certificate errors will be ignored for this session
WebGL(0x7f7e5ebce800)::ForceLoseContext
WebGL(0x7f7e5c55b000)::ForceLoseContext
WebGL(0x7f7e5c565000)::ForceLoseContext
WebGL(0x7f7e5c561800)::ForceLoseContext
WebGL(0x7f7e5496a000)::ForceLoseContext
WebGL(0x7f7e54980000)::ForceLoseContext
WebGL(0x7f7e5496e800)::ForceLoseContext
JavaScript error: https://assets.alicdn.com/g/ae-fe/home-ui/0.0.49/??page/home.js,source/pages/global.js, line 1: Error: 
JavaScript error: https://assets.alicdn.com/g/ae-fe/header-ui/0.0.14/src/ae-header.js?v=8, line 1: Error: Loading CSS chunk 1 failed.
(//assets.alicdn.com/g/ae-fe/header-ui/0.0.14/async.css)
WebGL(0x7f7e5497a000)::ForceLoseContext
WebGL(0x7f7e5c55a000)::ForceLoseContext
WebGL(0x7f7e5c55d000)::ForceLoseContext
[Parent 5951, Gecko_IOThread] WARNING: pipe error (77): Connection reset by peer: file /build/firefox-clezVp/firefox-70.0.1+build1/ipc/chromium/src/chrome/common/ipc_channel_posix.cc, line 358
[Parent 5951, Gecko_IOThread] WARNING: pipe error (94): Connection reset by peer: file /build/firefox-clezVp/firefox-70.0.1+build1/ipc/chromium/src/chrome/common/ipc_channel_posix.cc, line 358
1605529083556	Marionette	INFO	Stopped listening on port 45809
